<?xml version="1.0" encoding="UTF-8"?>
<!-- Generated by org.testng.reporters.JUnitXMLReporter -->
<testsuite ignored="0" hostname="Arun" failures="0" tests="4" name="Test" time="7.798" errors="0" timestamp="2024-11-24T10:51:22 IST">
  <testcase classname="testCases.TC_SanityE2E" name="HomePageTitleTest" time="0.032"/>
  <testcase classname="testCases.TC_SanityE2E" name="CurrencyDropdownTest" time="0.042"/>
  <testcase classname="testCases.TC_SanityE2E" name="AccountRegisterTest" time="1.52"/>
  <testcase classname="testCases.TC_SanityE2E" name="LoginTest" time="0.882"/>
</testsuite> <!-- Test -->
