<?xml version="1.0" encoding="UTF-8"?>
<!-- Generated by org.testng.reporters.JUnitXMLReporter -->
<testsuite ignored="0" hostname="Arun" failures="0" tests="8" name="ChromeTest" time="15.071" errors="0" timestamp="2024-11-25T11:36:37 IST">
  <testcase classname="testCases.TC_SanityE2E" name="HomePageTitleTest" time="0.028"/>
  <testcase classname="testCases.TC_SanityE2E" name="CurrencyDropdownTest" time="0.084"/>
  <testcase classname="testCases.TC_SanityE2E" name="AccountRegisterTest" time="2.018"/>
  <testcase classname="testCases.TC_SanityE2E" name="LoginTest" time="0.996"/>
  <testcase classname="testCases.TC_SanityE2E" name="SearchTest" time="0.568"/>
  <testcase classname="testCases.TC_SanityE2E" name="ProductDetailsPageNavigationTest" time="2.51"/>
  <testcase classname="testCases.TC_SanityE2E" name="AddToCartTest" time="3.35"/>
  <testcase classname="testCases.TC_SanityE2E" name="ShoppingCartTest" time="0.915"/>
</testsuite> <!-- ChromeTest -->
