<?xml version="1.0" encoding="UTF-8"?>
<!-- Generated by org.testng.reporters.JUnitXMLReporter -->
<testsuite ignored="0" hostname="Arun" failures="0" tests="8" name="EdgeTest" time="27.19" errors="0" timestamp="2024-11-25T11:36:49 IST">
  <testcase classname="testCases.TC_SanityE2E" name="HomePageTitleTest" time="0.016"/>
  <testcase classname="testCases.TC_SanityE2E" name="CurrencyDropdownTest" time="0.042"/>
  <testcase classname="testCases.TC_SanityE2E" name="AccountRegisterTest" time="7.269"/>
  <testcase classname="testCases.TC_SanityE2E" name="LoginTest" time="0.911"/>
  <testcase classname="testCases.TC_SanityE2E" name="SearchTest" time="1.324"/>
  <testcase classname="testCases.TC_SanityE2E" name="ProductDetailsPageNavigationTest" time="2.462"/>
  <testcase classname="testCases.TC_SanityE2E" name="AddToCartTest" time="2.672"/>
  <testcase classname="testCases.TC_SanityE2E" name="ShoppingCartTest" time="2.564"/>
</testsuite> <!-- EdgeTest -->
