<?xml version="1.0" encoding="UTF-8"?>
<!-- Generated by org.testng.reporters.JUnitXMLReporter -->
<testsuite ignored="0" hostname="Arun" failures="0" tests="8" name="FirefoxTest" time="14.786" errors="0" timestamp="2024-11-25T11:36:37 IST">
  <testcase classname="testCases.TC_SanityE2E" name="HomePageTitleTest" time="0.005"/>
  <testcase classname="testCases.TC_SanityE2E" name="CurrencyDropdownTest" time="0.025"/>
  <testcase classname="testCases.TC_SanityE2E" name="AccountRegisterTest" time="1.871"/>
  <testcase classname="testCases.TC_SanityE2E" name="LoginTest" time="0.848"/>
  <testcase classname="testCases.TC_SanityE2E" name="SearchTest" time="0.408"/>
  <testcase classname="testCases.TC_SanityE2E" name="ProductDetailsPageNavigationTest" time="0.322"/>
  <testcase classname="testCases.TC_SanityE2E" name="AddToCartTest" time="3.509"/>
  <testcase classname="testCases.TC_SanityE2E" name="ShoppingCartTest" time="0.829"/>
</testsuite> <!-- FirefoxTest -->
