<?xml version="1.0" encoding="UTF-8"?>
<!-- Generated by org.testng.reporters.JUnitXMLReporter -->
<testsuite ignored="0" hostname="Arun" failures="0" tests="8" name="FirefoxTest" time="16.491" errors="0" timestamp="2024-11-26T13:54:46 IST">
  <testcase classname="testCases.TC_SanityE2E" name="HomePageTitleTest" time="0.007"/>
  <testcase classname="testCases.TC_SanityE2E" name="CurrencyDropdownTest" time="0.029"/>
  <testcase classname="testCases.TC_SanityE2E" name="AccountRegisterTest" time="3.003"/>
  <testcase classname="testCases.TC_SanityE2E" name="LoginTest" time="1.034"/>
  <testcase classname="testCases.TC_SanityE2E" name="SearchTest" time="0.602"/>
  <testcase classname="testCases.TC_SanityE2E" name="ProductDetailsPageNavigationTest" time="0.603"/>
  <testcase classname="testCases.TC_SanityE2E" name="AddToCartTest" time="2.07"/>
  <testcase classname="testCases.TC_SanityE2E" name="ShoppingCartTest" time="1.024"/>
</testsuite> <!-- FirefoxTest -->
