<?xml version="1.0" encoding="UTF-8"?>
<testng-results ignored="0" total="1" passed="1" failed="0" skipped="0">
  <reporter-output>
  </reporter-output>
  <suite started-at="2024-11-20T19:55:58 IST" name="Master Suite" finished-at="2024-11-20T19:56:06 IST" duration-ms="7444">
    <groups>
    </groups>
    <test started-at="2024-11-20T19:55:58 IST" name="Test" finished-at="2024-11-20T19:56:06 IST" duration-ms="7444">
      <class name="testCases.TC004_ProductSearch">
        <test-method is-config="true" signature="setUp(java.lang.String,java.lang.String)[pri:0, instance:testCases.TC004_ProductSearch@41fe9859]" started-at="2024-11-20T19:55:59 IST" name="setUp" finished-at="2024-11-20T19:56:00 IST" duration-ms="1796" status="PASS">
          <params>
            <param index="0">
              <value>
                <![CDATA[Windows]]>
              </value>
            </param>
            <param index="1">
              <value>
                <![CDATA[Chrome]]>
              </value>
            </param>
          </params>
          <reporter-output>
          </reporter-output>
        </test-method> <!-- setUp -->
        <test-method signature="searchItem()[pri:0, instance:testCases.TC004_ProductSearch@41fe9859]" started-at="2024-11-20T19:56:00 IST" name="searchItem" finished-at="2024-11-20T19:56:06 IST" duration-ms="5394" status="PASS">
          <reporter-output>
          </reporter-output>
        </test-method> <!-- searchItem -->
        <test-method is-config="true" signature="tearDown()[pri:0, instance:testCases.TC004_ProductSearch@41fe9859]" started-at="2024-11-20T19:56:06 IST" name="tearDown" finished-at="2024-11-20T19:56:06 IST" duration-ms="125" status="PASS">
          <reporter-output>
          </reporter-output>
        </test-method> <!-- tearDown -->
      </class> <!-- testCases.TC004_ProductSearch -->
    </test> <!-- Test -->
  </suite> <!-- Master Suite -->
</testng-results>
