<?xml version="1.0" encoding="UTF-8"?>
<testng-results ignored="0" total="4" passed="4" failed="0" skipped="0">
  <reporter-output>
  </reporter-output>
  <suite started-at="2024-11-24T10:51:14 IST" name="Master Suite" finished-at="2024-11-24T10:51:22 IST" duration-ms="7798">
    <groups>
    </groups>
    <test started-at="2024-11-24T10:51:14 IST" name="Test" finished-at="2024-11-24T10:51:22 IST" duration-ms="7798">
      <class name="testCases.TC_SanityE2E">
        <test-method is-config="true" signature="setUp(java.lang.String,java.lang.String)[pri:0, instance:testCases.TC_SanityE2E@5d1659ea]" started-at="2024-11-24T10:51:15 IST" name="setUp" finished-at="2024-11-24T10:51:18 IST" duration-ms="3037" status="PASS">
          <params>
            <param index="0">
              <value>
                <![CDATA[Windows]]>
              </value>
            </param>
            <param index="1">
              <value>
                <![CDATA[Chrome]]>
              </value>
            </param>
          </params>
          <reporter-output>
          </reporter-output>
        </test-method> <!-- setUp -->
        <test-method signature="HomePageTitleTest()[pri:0, instance:testCases.TC_SanityE2E@5d1659ea]" started-at="2024-11-24T10:51:18 IST" name="HomePageTitleTest" finished-at="2024-11-24T10:51:18 IST" duration-ms="32" status="PASS">
          <reporter-output>
          </reporter-output>
        </test-method> <!-- HomePageTitleTest -->
        <test-method signature="CurrencyDropdownTest()[pri:1, instance:testCases.TC_SanityE2E@5d1659ea]" started-at="2024-11-24T10:51:18 IST" name="CurrencyDropdownTest" finished-at="2024-11-24T10:51:18 IST" duration-ms="42" status="PASS">
          <reporter-output>
          </reporter-output>
        </test-method> <!-- CurrencyDropdownTest -->
        <test-method signature="AccountRegisterTest()[pri:2, instance:testCases.TC_SanityE2E@5d1659ea]" started-at="2024-11-24T10:51:18 IST" name="AccountRegisterTest" finished-at="2024-11-24T10:51:19 IST" duration-ms="1520" status="PASS">
          <reporter-output>
          </reporter-output>
        </test-method> <!-- AccountRegisterTest -->
        <test-method signature="LoginTest()[pri:3, instance:testCases.TC_SanityE2E@5d1659ea]" started-at="2024-11-24T10:51:19 IST" name="LoginTest" finished-at="2024-11-24T10:51:20 IST" duration-ms="882" status="PASS">
          <reporter-output>
          </reporter-output>
        </test-method> <!-- LoginTest -->
        <test-method is-config="true" signature="tearDown()[pri:0, instance:testCases.TC_SanityE2E@5d1659ea]" started-at="2024-11-24T10:51:20 IST" name="tearDown" finished-at="2024-11-24T10:51:22 IST" duration-ms="2138" status="PASS">
          <reporter-output>
          </reporter-output>
        </test-method> <!-- tearDown -->
      </class> <!-- testCases.TC_SanityE2E -->
    </test> <!-- Test -->
  </suite> <!-- Master Suite -->
</testng-results>
